!SESSION 2021-08-22 10:57:51.106 -----------------------------------------------
eclipse.buildId=4.15.0.I20200305-0155
java.version=1.8.0_301
java.vendor=Oracle Corporation
BootLoader constants: OS=win32, ARCH=x86_64, WS=win32, NL=zh_CN
Framework arguments:  -product org.eclipse.epp.package.jee.product
Command-line arguments:  -os win32 -ws win32 -arch x86_64 -product org.eclipse.epp.package.jee.product

!ENTRY org.eclipse.jst.ws.axis.consumption.ui 4 0 2021-08-22 10:57:57.047
!MESSAGE FrameworkEvent ERROR
!STACK 0
org.osgi.framework.BundleException: Could not resolve module: org.eclipse.jst.ws.axis.consumption.ui [531]
  Unresolved requirement: Require-Bundle: org.eclipse.jst.ws.consumption.ui; bundle-version="[1.1.0,1.2.0)"
    -> Bundle-SymbolicName: org.eclipse.jst.ws.consumption.ui; bundle-version="1.1.1001.v202103201626"; singleton:="true"
       org.eclipse.jst.ws.consumption.ui [1055]
         Unresolved requirement: Require-Bundle: org.eclipse.wst.wsdl.validation; bundle-version="[1.1.0,2.0.0)"
           -> Bundle-SymbolicName: org.eclipse.wst.wsdl.validation; bundle-version="1.3.0.v202101270311"; singleton:="true"
              org.eclipse.wst.wsdl.validation [1127]
                Unresolved requirement: Require-Capability: osgi.ee; filter:="(&(osgi.ee=JavaSE)(version=11))"

	at org.eclipse.osgi.container.Module.start(Module.java:462)
	at org.eclipse.osgi.container.ModuleContainer$ContainerStartLevel$2.run(ModuleContainer.java:1844)
	at org.eclipse.osgi.internal.framework.EquinoxContainerAdaptor$1$1.execute(EquinoxContainerAdaptor.java:136)
	at org.eclipse.osgi.container.ModuleContainer$ContainerStartLevel.incStartLevel(ModuleContainer.java:1837)
	at org.eclipse.osgi.container.ModuleContainer$ContainerStartLevel.incStartLevel(ModuleContainer.java:1778)
	at org.eclipse.osgi.container.ModuleContainer$ContainerStartLevel.doContainerStartLevel(ModuleContainer.java:1742)
	at org.eclipse.osgi.container.ModuleContainer$ContainerStartLevel.dispatchEvent(ModuleContainer.java:1664)
	at org.eclipse.osgi.container.ModuleContainer$ContainerStartLevel.dispatchEvent(ModuleContainer.java:1)
	at org.eclipse.osgi.framework.eventmgr.EventManager.dispatchEvent(EventManager.java:234)
	at org.eclipse.osgi.framework.eventmgr.EventManager$EventThread.run(EventManager.java:345)

!ENTRY org.eclipse.jst.ws.axis.creation.ui 4 0 2021-08-22 10:57:57.072
!MESSAGE FrameworkEvent ERROR
!STACK 0
org.osgi.framework.BundleException: Could not resolve module: org.eclipse.jst.ws.axis.creation.ui [532]
  Unresolved requirement: Require-Bundle: org.eclipse.jst.ws.axis.consumption.ui; bundle-version="[1.0.101,1.1.0)"
    -> Bundle-SymbolicName: org.eclipse.jst.ws.axis.consumption.ui; bundle-version="1.0.1000.v201910301957"; singleton:="true"
       org.eclipse.jst.ws.axis.consumption.ui [531]
         Unresolved requirement: Require-Bundle: org.eclipse.jst.ws.consumption.ui; bundle-version="[1.1.0,1.2.0)"
           -> Bundle-SymbolicName: org.eclipse.jst.ws.consumption.ui; bundle-version="1.1.1001.v202103201626"; singleton:="true"
              org.eclipse.jst.ws.consumption.ui [1055]
                Unresolved requirement: Require-Bundle: org.eclipse.wst.wsdl.validation; bundle-version="[1.1.0,2.0.0)"
                  -> Bundle-SymbolicName: org.eclipse.wst.wsdl.validation; bundle-version="1.3.0.v202101270311"; singleton:="true"
                     org.eclipse.wst.wsdl.validation [1127]
                       Unresolved requirement: Require-Capability: osgi.ee; filter:="(&(osgi.ee=JavaSE)(version=11))"
  Unresolved requirement: Require-Bundle: org.eclipse.jst.ws.consumption.ui; bundle-version="[1.1.300,1.2.0)"
    -> Bundle-SymbolicName: org.eclipse.jst.ws.consumption.ui; bundle-version="1.1.1001.v202103201626"; singleton:="true"

	at org.eclipse.osgi.container.Module.start(Module.java:462)
	at org.eclipse.osgi.container.ModuleContainer$ContainerStartLevel$2.run(ModuleContainer.java:1844)
	at org.eclipse.osgi.internal.framework.EquinoxContainerAdaptor$1$1.execute(EquinoxContainerAdaptor.java:136)
	at org.eclipse.osgi.container.ModuleContainer$ContainerStartLevel.incStartLevel(ModuleContainer.java:1837)
	at org.eclipse.osgi.container.ModuleContainer$ContainerStartLevel.incStartLevel(ModuleContainer.java:1778)
	at org.eclipse.osgi.container.ModuleContainer$ContainerStartLevel.doContainerStartLevel(ModuleContainer.java:1742)
	at org.eclipse.osgi.container.ModuleContainer$ContainerStartLevel.dispatchEvent(ModuleContainer.java:1664)
	at org.eclipse.osgi.container.ModuleContainer$ContainerStartLevel.dispatchEvent(ModuleContainer.java:1)
	at org.eclipse.osgi.framework.eventmgr.EventManager.dispatchEvent(EventManager.java:234)
	at org.eclipse.osgi.framework.eventmgr.EventManager$EventThread.run(EventManager.java:345)

!ENTRY org.eclipse.jst.ws.axis2.consumption.core 4 0 2021-08-22 10:57:57.073
!MESSAGE FrameworkEvent ERROR
!STACK 0
org.osgi.framework.BundleException: Could not resolve module: org.eclipse.jst.ws.axis2.consumption.core [535]
  Unresolved requirement: Require-Bundle: org.eclipse.jst.ws.consumption.ui
    -> Bundle-SymbolicName: org.eclipse.jst.ws.consumption.ui; bundle-version="1.1.1001.v202103201626"; singleton:="true"
       org.eclipse.jst.ws.consumption.ui [1055]
         Unresolved requirement: Require-Bundle: org.eclipse.wst.wsdl.validation; bundle-version="[1.1.0,2.0.0)"
           -> Bundle-SymbolicName: org.eclipse.wst.wsdl.validation; bundle-version="1.3.0.v202101270311"; singleton:="true"
              org.eclipse.wst.wsdl.validation [1127]
                Unresolved requirement: Require-Capability: osgi.ee; filter:="(&(osgi.ee=JavaSE)(version=11))"

	at org.eclipse.osgi.container.Module.start(Module.java:462)
	at org.eclipse.osgi.container.ModuleContainer$ContainerStartLevel$2.run(ModuleContainer.java:1844)
	at org.eclipse.osgi.internal.framework.EquinoxContainerAdaptor$1$1.execute(EquinoxContainerAdaptor.java:136)
	at org.eclipse.osgi.container.ModuleContainer$ContainerStartLevel.incStartLevel(ModuleContainer.java:1837)
	at org.eclipse.osgi.container.ModuleContainer$ContainerStartLevel.incStartLevel(ModuleContainer.java:1778)
	at org.eclipse.osgi.container.ModuleContainer$ContainerStartLevel.doContainerStartLevel(ModuleContainer.java:1742)
	at org.eclipse.osgi.container.ModuleContainer$ContainerStartLevel.dispatchEvent(ModuleContainer.java:1664)
	at org.eclipse.osgi.container.ModuleContainer$ContainerStartLevel.dispatchEvent(ModuleContainer.java:1)
	at org.eclipse.osgi.framework.eventmgr.EventManager.dispatchEvent(EventManager.java:234)
	at org.eclipse.osgi.framework.eventmgr.EventManager$EventThread.run(EventManager.java:345)

!ENTRY org.eclipse.jst.ws.axis2.consumption.ui 4 0 2021-08-22 10:57:57.074
!MESSAGE FrameworkEvent ERROR
!STACK 0
org.osgi.framework.BundleException: Could not resolve module: org.eclipse.jst.ws.axis2.consumption.ui [536]
  Unresolved requirement: Require-Bundle: org.eclipse.jst.ws.consumption.ui
    -> Bundle-SymbolicName: org.eclipse.jst.ws.consumption.ui; bundle-version="1.1.1001.v202103201626"; singleton:="true"
       org.eclipse.jst.ws.consumption.ui [1055]
         Unresolved requirement: Require-Bundle: org.eclipse.wst.wsdl.validation; bundle-version="[1.1.0,2.0.0)"
           -> Bundle-SymbolicName: org.eclipse.wst.wsdl.validation; bundle-version="1.3.0.v202101270311"; singleton:="true"
              org.eclipse.wst.wsdl.validation [1127]
                Unresolved requirement: Require-Capability: osgi.ee; filter:="(&(osgi.ee=JavaSE)(version=11))"
  Unresolved requirement: Require-Bundle: org.eclipse.jst.ws.axis2.consumption.core
    -> Bundle-SymbolicName: org.eclipse.jst.ws.axis2.consumption.core; bundle-version="1.0.200.v201903050508"
       org.eclipse.jst.ws.axis2.consumption.core [535]
         Unresolved requirement: Require-Bundle: org.eclipse.jst.ws.consumption.ui
           -> Bundle-SymbolicName: org.eclipse.jst.ws.consumption.ui; bundle-version="1.1.1001.v202103201626"; singleton:="true"

	at org.eclipse.osgi.container.Module.start(Module.java:462)
	at org.eclipse.osgi.container.ModuleContainer$ContainerStartLevel$2.run(ModuleContainer.java:1844)
	at org.eclipse.osgi.internal.framework.EquinoxContainerAdaptor$1$1.execute(EquinoxContainerAdaptor.java:136)
	at org.eclipse.osgi.container.ModuleContainer$ContainerStartLevel.incStartLevel(ModuleContainer.java:1837)
	at org.eclipse.osgi.container.ModuleContainer$ContainerStartLevel.incStartLevel(ModuleContainer.java:1778)
	at org.eclipse.osgi.container.ModuleContainer$ContainerStartLevel.doContainerStartLevel(ModuleContainer.java:1742)
	at org.eclipse.osgi.container.ModuleContainer$ContainerStartLevel.dispatchEvent(ModuleContainer.java:1664)
	at org.eclipse.osgi.container.ModuleContainer$ContainerStartLevel.dispatchEvent(ModuleContainer.java:1)
	at org.eclipse.osgi.framework.eventmgr.EventManager.dispatchEvent(EventManager.java:234)
	at org.eclipse.osgi.framework.eventmgr.EventManager$EventThread.run(EventManager.java:345)

!ENTRY org.eclipse.jst.ws.axis2.creation.core 4 0 2021-08-22 10:57:57.075
!MESSAGE FrameworkEvent ERROR
!STACK 0
org.osgi.framework.BundleException: Could not resolve module: org.eclipse.jst.ws.axis2.creation.core [538]
  Unresolved requirement: Require-Bundle: org.eclipse.jst.ws.axis2.consumption.core
    -> Bundle-SymbolicName: org.eclipse.jst.ws.axis2.consumption.core; bundle-version="1.0.200.v201903050508"
       org.eclipse.jst.ws.axis2.consumption.core [535]
         Unresolved requirement: Require-Bundle: org.eclipse.jst.ws.consumption.ui
           -> Bundle-SymbolicName: org.eclipse.jst.ws.consumption.ui; bundle-version="1.1.1001.v202103201626"; singleton:="true"
              org.eclipse.jst.ws.consumption.ui [1055]
                Unresolved requirement: Require-Bundle: org.eclipse.wst.wsdl.validation; bundle-version="[1.1.0,2.0.0)"
                  -> Bundle-SymbolicName: org.eclipse.wst.wsdl.validation; bundle-version="1.3.0.v202101270311"; singleton:="true"
                     org.eclipse.wst.wsdl.validation [1127]
                       Unresolved requirement: Require-Capability: osgi.ee; filter:="(&(osgi.ee=JavaSE)(version=11))"

	at org.eclipse.osgi.container.Module.start(Module.java:462)
	at org.eclipse.osgi.container.ModuleContainer$ContainerStartLevel$2.run(ModuleContainer.java:1844)
	at org.eclipse.osgi.internal.framework.EquinoxContainerAdaptor$1$1.execute(EquinoxContainerAdaptor.java:136)
	at org.eclipse.osgi.container.ModuleContainer$ContainerStartLevel.incStartLevel(ModuleContainer.java:1837)
	at org.eclipse.osgi.container.ModuleContainer$ContainerStartLevel.incStartLevel(ModuleContainer.java:1778)
	at org.eclipse.osgi.container.ModuleContainer$ContainerStartLevel.doContainerStartLevel(ModuleContainer.java:1742)
	at org.eclipse.osgi.container.ModuleContainer$ContainerStartLevel.dispatchEvent(ModuleContainer.java:1664)
	at org.eclipse.osgi.container.ModuleContainer$ContainerStartLevel.dispatchEvent(ModuleContainer.java:1)
	at org.eclipse.osgi.framework.eventmgr.EventManager.dispatchEvent(EventManager.java:234)
	at org.eclipse.osgi.framework.eventmgr.EventManager$EventThread.run(EventManager.java:345)

!ENTRY org.eclipse.jst.ws.axis2.creation.ui 4 0 2021-08-22 10:57:57.078
!MESSAGE FrameworkEvent ERROR
!STACK 0
org.osgi.framework.BundleException: Could not resolve module: org.eclipse.jst.ws.axis2.creation.ui [539]
  Unresolved requirement: Require-Bundle: org.eclipse.jst.ws.consumption.ui
    -> Bundle-SymbolicName: org.eclipse.jst.ws.consumption.ui; bundle-version="1.1.1001.v202103201626"; singleton:="true"
       org.eclipse.jst.ws.consumption.ui [1055]
         Unresolved requirement: Require-Bundle: org.eclipse.wst.wsdl.validation; bundle-version="[1.1.0,2.0.0)"
           -> Bundle-SymbolicName: org.eclipse.wst.wsdl.validation; bundle-version="1.3.0.v202101270311"; singleton:="true"
              org.eclipse.wst.wsdl.validation [1127]
                Unresolved requirement: Require-Capability: osgi.ee; filter:="(&(osgi.ee=JavaSE)(version=11))"
  Unresolved requirement: Require-Bundle: org.eclipse.jst.ws.axis2.consumption.core
    -> Bundle-SymbolicName: org.eclipse.jst.ws.axis2.consumption.core; bundle-version="1.0.200.v201903050508"
       org.eclipse.jst.ws.axis2.consumption.core [535]
         Unresolved requirement: Require-Bundle: org.eclipse.jst.ws.consumption.ui
           -> Bundle-SymbolicName: org.eclipse.jst.ws.consumption.ui; bundle-version="1.1.1001.v202103201626"; singleton:="true"
  Unresolved requirement: Require-Bundle: org.eclipse.jst.ws.axis2.consumption.ui
    -> Bundle-SymbolicName: org.eclipse.jst.ws.axis2.consumption.ui; bundle-version="1.0.200.v201903050508"; singleton:="true"
       org.eclipse.jst.ws.axis2.consumption.ui [536]
         Unresolved requirement: Require-Bundle: org.eclipse.jst.ws.consumption.ui
           -> Bundle-SymbolicName: org.eclipse.jst.ws.consumption.ui; bundle-version="1.1.1001.v202103201626"; singleton:="true"
         Unresolved requirement: Require-Bundle: org.eclipse.jst.ws.axis2.consumption.core
           -> Bundle-SymbolicName: org.eclipse.jst.ws.axis2.consumption.core; bundle-version="1.0.200.v201903050508"
  Unresolved requirement: Require-Bundle: org.eclipse.jst.ws.axis2.creation.core
    -> Bundle-SymbolicName: org.eclipse.jst.ws.axis2.creation.core; bundle-version="1.0.200.v201903050508"
       org.eclipse.jst.ws.axis2.creation.core [538]
         Unresolved requirement: Require-Bundle: org.eclipse.jst.ws.axis2.consumption.core
           -> Bundle-SymbolicName: org.eclipse.jst.ws.axis2.consumption.core; bundle-version="1.0.200.v201903050508"

	at org.eclipse.osgi.container.Module.start(Module.java:462)
	at org.eclipse.osgi.container.ModuleContainer$ContainerStartLevel$2.run(ModuleContainer.java:1844)
	at org.eclipse.osgi.internal.framework.EquinoxContainerAdaptor$1$1.execute(EquinoxContainerAdaptor.java:136)
	at org.eclipse.osgi.container.ModuleContainer$ContainerStartLevel.incStartLevel(ModuleContainer.java:1837)
	at org.eclipse.osgi.container.ModuleContainer$ContainerStartLevel.incStartLevel(ModuleContainer.java:1778)
	at org.eclipse.osgi.container.ModuleContainer$ContainerStartLevel.doContainerStartLevel(ModuleContainer.java:1742)
	at org.eclipse.osgi.container.ModuleContainer$ContainerStartLevel.dispatchEvent(ModuleContainer.java:1664)
	at org.eclipse.osgi.container.ModuleContainer$ContainerStartLevel.dispatchEvent(ModuleContainer.java:1)
	at org.eclipse.osgi.framework.eventmgr.EventManager.dispatchEvent(EventManager.java:234)
	at org.eclipse.osgi.framework.eventmgr.EventManager$EventThread.run(EventManager.java:345)

!ENTRY org.eclipse.jst.ws.cxf.consumption.ui 4 0 2021-08-22 10:57:57.100
!MESSAGE FrameworkEvent ERROR
!STACK 0
org.osgi.framework.BundleException: Could not resolve module: org.eclipse.jst.ws.cxf.consumption.ui [549]
  Unresolved requirement: Require-Bundle: org.eclipse.jst.ws.consumption.ui; bundle-version="[1.1.0,1.2.0)"
    -> Bundle-SymbolicName: org.eclipse.jst.ws.consumption.ui; bundle-version="1.1.1001.v202103201626"; singleton:="true"
       org.eclipse.jst.ws.consumption.ui [1055]
         Unresolved requirement: Require-Bundle: org.eclipse.wst.wsdl.validation; bundle-version="[1.1.0,2.0.0)"
           -> Bundle-SymbolicName: org.eclipse.wst.wsdl.validation; bundle-version="1.3.0.v202101270311"; singleton:="true"
              org.eclipse.wst.wsdl.validation [1127]
                Unresolved requirement: Require-Capability: osgi.ee; filter:="(&(osgi.ee=JavaSE)(version=11))"

	at org.eclipse.osgi.container.Module.start(Module.java:462)
	at org.eclipse.osgi.container.ModuleContainer$ContainerStartLevel$2.run(ModuleContainer.java:1844)
	at org.eclipse.osgi.internal.framework.EquinoxContainerAdaptor$1$1.execute(EquinoxContainerAdaptor.java:136)
	at org.eclipse.osgi.container.ModuleContainer$ContainerStartLevel.incStartLevel(ModuleContainer.java:1837)
	at org.eclipse.osgi.container.ModuleContainer$ContainerStartLevel.incStartLevel(ModuleContainer.java:1778)
	at org.eclipse.osgi.container.ModuleContainer$ContainerStartLevel.doContainerStartLevel(ModuleContainer.java:1742)
	at org.eclipse.osgi.container.ModuleContainer$ContainerStartLevel.dispatchEvent(ModuleContainer.java:1664)
	at org.eclipse.osgi.container.ModuleContainer$ContainerStartLevel.dispatchEvent(ModuleContainer.java:1)
	at org.eclipse.osgi.framework.eventmgr.EventManager.dispatchEvent(EventManager.java:234)
	at org.eclipse.osgi.framework.eventmgr.EventManager$EventThread.run(EventManager.java:345)

!ENTRY org.eclipse.jst.ws.cxf.creation.ui 4 0 2021-08-22 10:57:57.180
!MESSAGE FrameworkEvent ERROR
!STACK 0
org.osgi.framework.BundleException: Could not resolve module: org.eclipse.jst.ws.cxf.creation.ui [552]
  Unresolved requirement: Require-Bundle: org.eclipse.jst.ws.consumption.ui; bundle-version="[1.1.0,1.2.0)"
    -> Bundle-SymbolicName: org.eclipse.jst.ws.consumption.ui; bundle-version="1.1.1001.v202103201626"; singleton:="true"
       org.eclipse.jst.ws.consumption.ui [1055]
         Unresolved requirement: Require-Bundle: org.eclipse.wst.wsdl.validation; bundle-version="[1.1.0,2.0.0)"
           -> Bundle-SymbolicName: org.eclipse.wst.wsdl.validation; bundle-version="1.3.0.v202101270311"; singleton:="true"
              org.eclipse.wst.wsdl.validation [1127]
                Unresolved requirement: Require-Capability: osgi.ee; filter:="(&(osgi.ee=JavaSE)(version=11))"
  Unresolved requirement: Require-Bundle: org.eclipse.jst.ws.cxf.consumption.ui; bundle-version="[1.0.0,1.1.0)"
    -> Bundle-SymbolicName: org.eclipse.jst.ws.cxf.consumption.ui; bundle-version="1.0.500.v201910301957"; singleton:="true"
       org.eclipse.jst.ws.cxf.consumption.ui [549]
         Unresolved requirement: Require-Bundle: org.eclipse.jst.ws.consumption.ui; bundle-version="[1.1.0,1.2.0)"
           -> Bundle-SymbolicName: org.eclipse.jst.ws.consumption.ui; bundle-version="1.1.1001.v202103201626"; singleton:="true"
  Unresolved requirement: Require-Bundle: org.eclipse.jst.ws.creation.ui; bundle-version="[1.0.305,1.1.0)"
    -> Bundle-SymbolicName: org.eclipse.jst.ws.creation.ui; bundle-version="1.0.1001.v202103201626"; singleton:="true"
       org.eclipse.jst.ws.creation.ui [1056]
         Unresolved requirement: Require-Bundle: org.eclipse.jst.ws.consumption.ui; bundle-version="[1.1.0,1.2.0)"
           -> Bundle-SymbolicName: org.eclipse.jst.ws.consumption.ui; bundle-version="1.1.1001.v202103201626"; singleton:="true"

	at org.eclipse.osgi.container.Module.start(Module.java:462)
	at org.eclipse.osgi.container.ModuleContainer$ContainerStartLevel$2.run(ModuleContainer.java:1844)
	at org.eclipse.osgi.internal.framework.EquinoxContainerAdaptor$1$1.execute(EquinoxContainerAdaptor.java:136)
	at org.eclipse.osgi.container.ModuleContainer$ContainerStartLevel.incStartLevel(ModuleContainer.java:1837)
	at org.eclipse.osgi.container.ModuleContainer$ContainerStartLevel.incStartLevel(ModuleContainer.java:1778)
	at org.eclipse.osgi.container.ModuleContainer$ContainerStartLevel.doContainerStartLevel(ModuleContainer.java:1742)
	at org.eclipse.osgi.container.ModuleContainer$ContainerStartLevel.dispatchEvent(ModuleContainer.java:1664)
	at org.eclipse.osgi.container.ModuleContainer$ContainerStartLevel.dispatchEvent(ModuleContainer.java:1)
	at org.eclipse.osgi.framework.eventmgr.EventManager.dispatchEvent(EventManager.java:234)
	at org.eclipse.osgi.framework.eventmgr.EventManager$EventThread.run(EventManager.java:345)

!ENTRY org.eclipse.tm.terminal.connector.ssh 4 0 2021-08-22 10:57:57.230
!MESSAGE FrameworkEvent ERROR
!STACK 0
org.osgi.framework.BundleException: Could not resolve module: org.eclipse.tm.terminal.connector.ssh [750]
  Unresolved requirement: Require-Bundle: org.eclipse.tm.terminal.view.ui; bundle-version="4.5.0"; resolution:="optional"
    -> Bundle-SymbolicName: org.eclipse.tm.terminal.view.ui; bundle-version="4.9.0.202105240430"; singleton:="true"
       org.eclipse.tm.terminal.view.ui [1106]
         Unresolved requirement: Require-Bundle: org.eclipse.tm.terminal.view.core; bundle-version="[4.8.0,5.0.0)"
           -> Bundle-SymbolicName: org.eclipse.tm.terminal.view.core; bundle-version="4.8.0.202105200326"; singleton:="true"
              org.eclipse.tm.terminal.view.core [1105]
                Unresolved requirement: Require-Capability: osgi.ee; filter:="(&(osgi.ee=JavaSE)(version=11))"
  Unresolved requirement: Require-Bundle: org.eclipse.tm.terminal.control; bundle-version="4.5.0"
    -> Bundle-SymbolicName: org.eclipse.tm.terminal.control; bundle-version="5.2.0.202105240049"; singleton:="true"
       org.eclipse.tm.terminal.control [1104]
         Unresolved requirement: Require-Capability: osgi.ee; filter:="(&(osgi.ee=JavaSE)(version=11))"
  Unresolved requirement: Require-Bundle: org.eclipse.tm.terminal.view.core; bundle-version="4.5.0"; resolution:="optional"
    -> Bundle-SymbolicName: org.eclipse.tm.terminal.view.core; bundle-version="4.8.0.202105200326"; singleton:="true"

	at org.eclipse.osgi.container.Module.start(Module.java:462)
	at org.eclipse.osgi.container.ModuleContainer$ContainerStartLevel$2.run(ModuleContainer.java:1844)
	at org.eclipse.osgi.internal.framework.EquinoxContainerAdaptor$1$1.execute(EquinoxContainerAdaptor.java:136)
	at org.eclipse.osgi.container.ModuleContainer$ContainerStartLevel.incStartLevel(ModuleContainer.java:1837)
	at org.eclipse.osgi.container.ModuleContainer$ContainerStartLevel.incStartLevel(ModuleContainer.java:1778)
	at org.eclipse.osgi.container.ModuleContainer$ContainerStartLevel.doContainerStartLevel(ModuleContainer.java:1742)
	at org.eclipse.osgi.container.ModuleContainer$ContainerStartLevel.dispatchEvent(ModuleContainer.java:1664)
	at org.eclipse.osgi.container.ModuleContainer$ContainerStartLevel.dispatchEvent(ModuleContainer.java:1)
	at org.eclipse.osgi.framework.eventmgr.EventManager.dispatchEvent(EventManager.java:234)
	at org.eclipse.osgi.framework.eventmgr.EventManager$EventThread.run(EventManager.java:345)

!ENTRY org.eclipse.tm.terminal.connector.telnet 4 0 2021-08-22 10:57:57.231
!MESSAGE FrameworkEvent ERROR
!STACK 0
org.osgi.framework.BundleException: Could not resolve module: org.eclipse.tm.terminal.connector.telnet [751]
  Unresolved requirement: Require-Bundle: org.eclipse.tm.terminal.control; bundle-version="4.5.0"
    -> Bundle-SymbolicName: org.eclipse.tm.terminal.control; bundle-version="5.2.0.202105240049"; singleton:="true"
       org.eclipse.tm.terminal.control [1104]
         Unresolved requirement: Require-Capability: osgi.ee; filter:="(&(osgi.ee=JavaSE)(version=11))"
  Unresolved requirement: Require-Bundle: org.eclipse.tm.terminal.view.core; bundle-version="4.5.0"; resolution:="optional"
    -> Bundle-SymbolicName: org.eclipse.tm.terminal.view.core; bundle-version="4.8.0.202105200326"; singleton:="true"
       org.eclipse.tm.terminal.view.core [1105]
         Unresolved requirement: Require-Capability: osgi.ee; filter:="(&(osgi.ee=JavaSE)(version=11))"
  Unresolved requirement: Require-Bundle: org.eclipse.tm.terminal.view.ui; bundle-version="4.5.0"; resolution:="optional"
    -> Bundle-SymbolicName: org.eclipse.tm.terminal.view.ui; bundle-version="4.9.0.202105240430"; singleton:="true"
       org.eclipse.tm.terminal.view.ui [1106]
         Unresolved requirement: Require-Bundle: org.eclipse.tm.terminal.view.core; bundle-version="[4.8.0,5.0.0)"
           -> Bundle-SymbolicName: org.eclipse.tm.terminal.view.core; bundle-version="4.8.0.202105200326"; singleton:="true"

	at org.eclipse.osgi.container.Module.start(Module.java:462)
	at org.eclipse.osgi.container.ModuleContainer$ContainerStartLevel$2.run(ModuleContainer.java:1844)
	at org.eclipse.osgi.internal.framework.EquinoxContainerAdaptor$1$1.execute(EquinoxContainerAdaptor.java:136)
	at org.eclipse.osgi.container.ModuleContainer$ContainerStartLevel.incStartLevel(ModuleContainer.java:1837)
	at org.eclipse.osgi.container.ModuleContainer$ContainerStartLevel.incStartLevel(ModuleContainer.java:1778)
	at org.eclipse.osgi.container.ModuleContainer$ContainerStartLevel.doContainerStartLevel(ModuleContainer.java:1742)
	at org.eclipse.osgi.container.ModuleContainer$ContainerStartLevel.dispatchEvent(ModuleContainer.java:1664)
	at org.eclipse.osgi.container.ModuleContainer$ContainerStartLevel.dispatchEvent(ModuleContainer.java:1)
	at org.eclipse.osgi.framework.eventmgr.EventManager.dispatchEvent(EventManager.java:234)
	at org.eclipse.osgi.framework.eventmgr.EventManager$EventThread.run(EventManager.java:345)

!ENTRY org.eclipse.wst.wsdl.ui 4 0 2021-08-22 10:57:57.746
!MESSAGE FrameworkEvent ERROR
!STACK 0
org.osgi.framework.BundleException: Could not resolve module: org.eclipse.wst.wsdl.ui [897]
  Unresolved requirement: Require-Bundle: org.eclipse.wst.wsdl.validation; bundle-version="[1.1.0,2.0.0)"
    -> Bundle-SymbolicName: org.eclipse.wst.wsdl.validation; bundle-version="1.3.0.v202101270311"; singleton:="true"
       org.eclipse.wst.wsdl.validation [1127]
         Unresolved requirement: Require-Capability: osgi.ee; filter:="(&(osgi.ee=JavaSE)(version=11))"

	at org.eclipse.osgi.container.Module.start(Module.java:462)
	at org.eclipse.osgi.container.ModuleContainer$ContainerStartLevel$2.run(ModuleContainer.java:1844)
	at org.eclipse.osgi.internal.framework.EquinoxContainerAdaptor$1$1.execute(EquinoxContainerAdaptor.java:136)
	at org.eclipse.osgi.container.ModuleContainer$ContainerStartLevel.incStartLevel(ModuleContainer.java:1837)
	at org.eclipse.osgi.container.ModuleContainer$ContainerStartLevel.incStartLevel(ModuleContainer.java:1778)
	at org.eclipse.osgi.container.ModuleContainer$ContainerStartLevel.doContainerStartLevel(ModuleContainer.java:1742)
	at org.eclipse.osgi.container.ModuleContainer$ContainerStartLevel.dispatchEvent(ModuleContainer.java:1664)
	at org.eclipse.osgi.container.ModuleContainer$ContainerStartLevel.dispatchEvent(ModuleContainer.java:1)
	at org.eclipse.osgi.framework.eventmgr.EventManager.dispatchEvent(EventManager.java:234)
	at org.eclipse.osgi.framework.eventmgr.EventManager$EventThread.run(EventManager.java:345)

!ENTRY org.eclipse.wst.wsi.ui 4 0 2021-08-22 10:57:57.752
!MESSAGE FrameworkEvent ERROR
!STACK 0
org.osgi.framework.BundleException: Could not resolve module: org.eclipse.wst.wsi.ui [901]
  Unresolved requirement: Require-Bundle: org.eclipse.wst.wsi; bundle-version="[1.0.101,2.0.0)"
    -> Bundle-SymbolicName: org.eclipse.wst.wsi; bundle-version="1.1.300.v202101270311"; singleton:="true"
       org.eclipse.wst.wsi [1128]
         Unresolved requirement: Import-Package: org.apache.http.impl.conn
           -> Export-Package: org.apache.http.impl.conn; bundle-symbolic-name="org.apache.httpcomponents.httpclient"; bundle-version="4.5.10.v20200114-1512"; version="4.5.10"; uses:="javax.net.ssl,org.apache.commons.logging,org.apache.http,org.apache.http.config,org.apache.http.conn,org.apache.http.conn.routing,org.apache.http.conn.scheme,org.apache.http.conn.socket,org.apache.http.entity,org.apache.http.impl,org.apache.http.impl.io,org.apache.http.io,org.apache.http.message,org.apache.http.params,org.apache.http.pool,org.apache.http.protocol,org.apache.http.util"
              org.apache.httpcomponents.httpclient [59]
                Unresolved requirement: Import-Package: org.apache.commons.codec.binary; version="[1.13.0,1.14.0)"
         Unresolved requirement: Require-Bundle: org.eclipse.wst.wsdl.validation; bundle-version="[1.1.0,2.0.0)"
           -> Bundle-SymbolicName: org.eclipse.wst.wsdl.validation; bundle-version="1.3.0.v202101270311"; singleton:="true"
              org.eclipse.wst.wsdl.validation [1127]
                Unresolved requirement: Require-Capability: osgi.ee; filter:="(&(osgi.ee=JavaSE)(version=11))"
  Unresolved requirement: Require-Bundle: org.eclipse.wst.wsdl.validation; bundle-version="[1.1.0,2.0.0)"
    -> Bundle-SymbolicName: org.eclipse.wst.wsdl.validation; bundle-version="1.3.0.v202101270311"; singleton:="true"

	at org.eclipse.osgi.container.Module.start(Module.java:462)
	at org.eclipse.osgi.container.ModuleContainer$ContainerStartLevel$2.run(ModuleContainer.java:1844)
	at org.eclipse.osgi.internal.framework.EquinoxContainerAdaptor$1$1.execute(EquinoxContainerAdaptor.java:136)
	at org.eclipse.osgi.container.ModuleContainer$ContainerStartLevel.incStartLevel(ModuleContainer.java:1837)
	at org.eclipse.osgi.container.ModuleContainer$ContainerStartLevel.incStartLevel(ModuleContainer.java:1778)
	at org.eclipse.osgi.container.ModuleContainer$ContainerStartLevel.doContainerStartLevel(ModuleContainer.java:1742)
	at org.eclipse.osgi.container.ModuleContainer$ContainerStartLevel.dispatchEvent(ModuleContainer.java:1664)
	at org.eclipse.osgi.container.ModuleContainer$ContainerStartLevel.dispatchEvent(ModuleContainer.java:1)
	at org.eclipse.osgi.framework.eventmgr.EventManager.dispatchEvent(EventManager.java:234)
	at org.eclipse.osgi.framework.eventmgr.EventManager$EventThread.run(EventManager.java:345)

!ENTRY org.eclipse.cdt.core.native 4 0 2021-08-22 10:57:57.779
!MESSAGE FrameworkEvent ERROR
!STACK 0
org.osgi.framework.BundleException: Could not resolve module: org.eclipse.cdt.core.native [983]
  Unresolved requirement: Require-Capability: osgi.ee; filter:="(&(osgi.ee=JavaSE)(version=11))"

	at org.eclipse.osgi.container.Module.start(Module.java:462)
	at org.eclipse.osgi.container.ModuleContainer$ContainerStartLevel$2.run(ModuleContainer.java:1844)
	at org.eclipse.osgi.internal.framework.EquinoxContainerAdaptor$1$1.execute(EquinoxContainerAdaptor.java:136)
	at org.eclipse.osgi.container.ModuleContainer$ContainerStartLevel.incStartLevel(ModuleContainer.java:1837)
	at org.eclipse.osgi.container.ModuleContainer$ContainerStartLevel.incStartLevel(ModuleContainer.java:1778)
	at org.eclipse.osgi.container.ModuleContainer$ContainerStartLevel.doContainerStartLevel(ModuleContainer.java:1742)
	at org.eclipse.osgi.container.ModuleContainer$ContainerStartLevel.dispatchEvent(ModuleContainer.java:1664)
	at org.eclipse.osgi.container.ModuleContainer$ContainerStartLevel.dispatchEvent(ModuleContainer.java:1)
	at org.eclipse.osgi.framework.eventmgr.EventManager.dispatchEvent(EventManager.java:234)
	at org.eclipse.osgi.framework.eventmgr.EventManager$EventThread.run(EventManager.java:345)

!ENTRY org.eclipse.jst.ws.consumption.ui 4 0 2021-08-22 10:57:57.814
!MESSAGE FrameworkEvent ERROR
!STACK 0
org.osgi.framework.BundleException: Could not resolve module: org.eclipse.jst.ws.consumption.ui [1055]
  Unresolved requirement: Require-Bundle: org.eclipse.wst.wsdl.validation; bundle-version="[1.1.0,2.0.0)"
    -> Bundle-SymbolicName: org.eclipse.wst.wsdl.validation; bundle-version="1.3.0.v202101270311"; singleton:="true"
       org.eclipse.wst.wsdl.validation [1127]
         Unresolved requirement: Require-Capability: osgi.ee; filter:="(&(osgi.ee=JavaSE)(version=11))"

	at org.eclipse.osgi.container.Module.start(Module.java:462)
	at org.eclipse.osgi.container.ModuleContainer$ContainerStartLevel$2.run(ModuleContainer.java:1844)
	at org.eclipse.osgi.internal.framework.EquinoxContainerAdaptor$1$1.execute(EquinoxContainerAdaptor.java:136)
	at org.eclipse.osgi.container.ModuleContainer$ContainerStartLevel.incStartLevel(ModuleContainer.java:1837)
	at org.eclipse.osgi.container.ModuleContainer$ContainerStartLevel.incStartLevel(ModuleContainer.java:1778)
	at org.eclipse.osgi.container.ModuleContainer$ContainerStartLevel.doContainerStartLevel(ModuleContainer.java:1742)
	at org.eclipse.osgi.container.ModuleContainer$ContainerStartLevel.dispatchEvent(ModuleContainer.java:1664)
	at org.eclipse.osgi.container.ModuleContainer$ContainerStartLevel.dispatchEvent(ModuleContainer.java:1)
	at org.eclipse.osgi.framework.eventmgr.EventManager.dispatchEvent(EventManager.java:234)
	at org.eclipse.osgi.framework.eventmgr.EventManager$EventThread.run(EventManager.java:345)

!ENTRY org.eclipse.jst.ws.creation.ui 4 0 2021-08-22 10:57:57.821
!MESSAGE FrameworkEvent ERROR
!STACK 0
org.osgi.framework.BundleException: Could not resolve module: org.eclipse.jst.ws.creation.ui [1056]
  Unresolved requirement: Require-Bundle: org.eclipse.jst.ws.consumption.ui; bundle-version="[1.1.0,1.2.0)"
    -> Bundle-SymbolicName: org.eclipse.jst.ws.consumption.ui; bundle-version="1.1.1001.v202103201626"; singleton:="true"
       org.eclipse.jst.ws.consumption.ui [1055]
         Unresolved requirement: Require-Bundle: org.eclipse.wst.wsdl.validation; bundle-version="[1.1.0,2.0.0)"
           -> Bundle-SymbolicName: org.eclipse.wst.wsdl.validation; bundle-version="1.3.0.v202101270311"; singleton:="true"
              org.eclipse.wst.wsdl.validation [1127]
                Unresolved requirement: Require-Capability: osgi.ee; filter:="(&(osgi.ee=JavaSE)(version=11))"

	at org.eclipse.osgi.container.Module.start(Module.java:462)
	at org.eclipse.osgi.container.ModuleContainer$ContainerStartLevel$2.run(ModuleContainer.java:1844)
	at org.eclipse.osgi.internal.framework.EquinoxContainerAdaptor$1$1.execute(EquinoxContainerAdaptor.java:136)
	at org.eclipse.osgi.container.ModuleContainer$ContainerStartLevel.incStartLevel(ModuleContainer.java:1837)
	at org.eclipse.osgi.container.ModuleContainer$ContainerStartLevel.incStartLevel(ModuleContainer.java:1778)
	at org.eclipse.osgi.container.ModuleContainer$ContainerStartLevel.doContainerStartLevel(ModuleContainer.java:1742)
	at org.eclipse.osgi.container.ModuleContainer$ContainerStartLevel.dispatchEvent(ModuleContainer.java:1664)
	at org.eclipse.osgi.container.ModuleContainer$ContainerStartLevel.dispatchEvent(ModuleContainer.java:1)
	at org.eclipse.osgi.framework.eventmgr.EventManager.dispatchEvent(EventManager.java:234)
	at org.eclipse.osgi.framework.eventmgr.EventManager$EventThread.run(EventManager.java:345)

!ENTRY org.eclipse.php.composer.ui 4 0 2021-08-22 10:57:57.851
!MESSAGE FrameworkEvent ERROR
!STACK 0
org.osgi.framework.BundleException: Could not resolve module: org.eclipse.php.composer.ui [1082]
  Unresolved requirement: Require-Bundle: org.eclipse.tm.terminal.control
    -> Bundle-SymbolicName: org.eclipse.tm.terminal.control; bundle-version="5.2.0.202105240049"; singleton:="true"
       org.eclipse.tm.terminal.control [1104]
         Unresolved requirement: Require-Capability: osgi.ee; filter:="(&(osgi.ee=JavaSE)(version=11))"
  Unresolved requirement: Require-Bundle: org.eclipse.tm.terminal.view.ui
    -> Bundle-SymbolicName: org.eclipse.tm.terminal.view.ui; bundle-version="4.9.0.202105240430"; singleton:="true"
       org.eclipse.tm.terminal.view.ui [1106]
         Unresolved requirement: Require-Bundle: org.eclipse.tm.terminal.view.core; bundle-version="[4.8.0,5.0.0)"
           -> Bundle-SymbolicName: org.eclipse.tm.terminal.view.core; bundle-version="4.8.0.202105200326"; singleton:="true"
              org.eclipse.tm.terminal.view.core [1105]
                Unresolved requirement: Require-Capability: osgi.ee; filter:="(&(osgi.ee=JavaSE)(version=11))"
  Unresolved requirement: Require-Bundle: org.eclipse.tm.terminal.view.core
    -> Bundle-SymbolicName: org.eclipse.tm.terminal.view.core; bundle-version="4.8.0.202105200326"; singleton:="true"
  Unresolved requirement: Require-Bundle: org.eclipse.tm.terminal.connector.process
    -> Bundle-SymbolicName: org.eclipse.tm.terminal.connector.process; bundle-version="4.8.0.202105240430"; singleton:="true"
       org.eclipse.tm.terminal.connector.process [1103]
         Unresolved requirement: Import-Package: org.eclipse.cdt.utils.spawner; mandatory:="native"
           -> Export-Package: org.eclipse.cdt.utils.spawner; bundle-symbolic-name="org.eclipse.cdt.core.native"; bundle-version="6.1.200.202105261421"; version="5.7.0"
              org.eclipse.cdt.core.native [983]
                Unresolved requirement: Require-Capability: osgi.ee; filter:="(&(osgi.ee=JavaSE)(version=11))"
         Unresolved requirement: Import-Package: org.eclipse.cdt.utils.pty; mandatory:="native"
           -> Export-Package: org.eclipse.cdt.utils.pty; bundle-symbolic-name="org.eclipse.cdt.core.native"; bundle-version="6.1.200.202105261421"; version="5.7.0"

	at org.eclipse.osgi.container.Module.start(Module.java:462)
	at org.eclipse.osgi.container.ModuleContainer$ContainerStartLevel$2.run(ModuleContainer.java:1844)
	at org.eclipse.osgi.internal.framework.EquinoxContainerAdaptor$1$1.execute(EquinoxContainerAdaptor.java:136)
	at org.eclipse.osgi.container.ModuleContainer$ContainerStartLevel.incStartLevel(ModuleContainer.java:1837)
	at org.eclipse.osgi.container.ModuleContainer$ContainerStartLevel.incStartLevel(ModuleContainer.java:1778)
	at org.eclipse.osgi.container.ModuleContainer$ContainerStartLevel.doContainerStartLevel(ModuleContainer.java:1742)
	at org.eclipse.osgi.container.ModuleContainer$ContainerStartLevel.dispatchEvent(ModuleContainer.java:1664)
	at org.eclipse.osgi.container.ModuleContainer$ContainerStartLevel.dispatchEvent(ModuleContainer.java:1)
	at org.eclipse.osgi.framework.eventmgr.EventManager.dispatchEvent(EventManager.java:234)
	at org.eclipse.osgi.framework.eventmgr.EventManager$EventThread.run(EventManager.java:345)

!ENTRY org.eclipse.tm.terminal.connector.local 4 0 2021-08-22 10:57:57.865
!MESSAGE FrameworkEvent ERROR
!STACK 0
org.osgi.framework.BundleException: Could not resolve module: org.eclipse.tm.terminal.connector.local [1102]
  Unresolved requirement: Require-Capability: osgi.ee; filter:="(&(osgi.ee=JavaSE)(version=11))"
  Unresolved requirement: Require-Bundle: org.eclipse.tm.terminal.control; bundle-version="4.5.0"
    -> Bundle-SymbolicName: org.eclipse.tm.terminal.control; bundle-version="5.2.0.202105240049"; singleton:="true"
       org.eclipse.tm.terminal.control [1104]
         Unresolved requirement: Require-Capability: osgi.ee; filter:="(&(osgi.ee=JavaSE)(version=11))"
  Unresolved requirement: Require-Bundle: org.eclipse.tm.terminal.connector.process; bundle-version="4.5.0"
    -> Bundle-SymbolicName: org.eclipse.tm.terminal.connector.process; bundle-version="4.8.0.202105240430"; singleton:="true"
       org.eclipse.tm.terminal.connector.process [1103]
         Unresolved requirement: Import-Package: org.eclipse.cdt.utils.pty; mandatory:="native"
           -> Export-Package: org.eclipse.cdt.utils.pty; bundle-symbolic-name="org.eclipse.cdt.core.native"; bundle-version="6.1.200.202105261421"; version="5.7.0"
              org.eclipse.cdt.core.native [983]
                Unresolved requirement: Require-Capability: osgi.ee; filter:="(&(osgi.ee=JavaSE)(version=11))"
  Unresolved requirement: Import-Package: org.eclipse.cdt.utils.pty; mandatory:="native"
    -> Export-Package: org.eclipse.cdt.utils.pty; bundle-symbolic-name="org.eclipse.cdt.core.native"; bundle-version="6.1.200.202105261421"; version="5.7.0"
  Unresolved requirement: Require-Bundle: org.eclipse.tm.terminal.view.core; bundle-version="4.5.0"; resolution:="optional"
    -> Bundle-SymbolicName: org.eclipse.tm.terminal.view.core; bundle-version="4.8.0.202105200326"; singleton:="true"
       org.eclipse.tm.terminal.view.core [1105]
         Unresolved requirement: Require-Capability: osgi.ee; filter:="(&(osgi.ee=JavaSE)(version=11))"
  Unresolved requirement: Require-Bundle: org.eclipse.tm.terminal.view.ui; bundle-version="4.5.0"; resolution:="optional"
    -> Bundle-SymbolicName: org.eclipse.tm.terminal.view.ui; bundle-version="4.9.0.202105240430"; singleton:="true"
       org.eclipse.tm.terminal.view.ui [1106]
         Unresolved requirement: Require-Bundle: org.eclipse.tm.terminal.view.core; bundle-version="[4.8.0,5.0.0)"
           -> Bundle-SymbolicName: org.eclipse.tm.terminal.view.core; bundle-version="4.8.0.202105200326"; singleton:="true"

	at org.eclipse.osgi.container.Module.start(Module.java:462)
	at org.eclipse.osgi.container.ModuleContainer$ContainerStartLevel$2.run(ModuleContainer.java:1844)
	at org.eclipse.osgi.internal.framework.EquinoxContainerAdaptor$1$1.execute(EquinoxContainerAdaptor.java:136)
	at org.eclipse.osgi.container.ModuleContainer$ContainerStartLevel.incStartLevel(ModuleContainer.java:1837)
	at org.eclipse.osgi.container.ModuleContainer$ContainerStartLevel.incStartLevel(ModuleContainer.java:1778)
	at org.eclipse.osgi.container.ModuleContainer$ContainerStartLevel.doContainerStartLevel(ModuleContainer.java:1742)
	at org.eclipse.osgi.container.ModuleContainer$ContainerStartLevel.dispatchEvent(ModuleContainer.java:1664)
	at org.eclipse.osgi.container.ModuleContainer$ContainerStartLevel.dispatchEvent(ModuleContainer.java:1)
	at org.eclipse.osgi.framework.eventmgr.EventManager.dispatchEvent(EventManager.java:234)
	at org.eclipse.osgi.framework.eventmgr.EventManager$EventThread.run(EventManager.java:345)

!ENTRY org.eclipse.tm.terminal.connector.process 4 0 2021-08-22 10:57:57.897
!MESSAGE FrameworkEvent ERROR
!STACK 0
org.osgi.framework.BundleException: Could not resolve module: org.eclipse.tm.terminal.connector.process [1103]
  Unresolved requirement: Import-Package: org.eclipse.cdt.utils.spawner; mandatory:="native"
    -> Export-Package: org.eclipse.cdt.utils.spawner; bundle-symbolic-name="org.eclipse.cdt.core.native"; bundle-version="6.1.200.202105261421"; version="5.7.0"
       org.eclipse.cdt.core.native [983]
         Unresolved requirement: Require-Capability: osgi.ee; filter:="(&(osgi.ee=JavaSE)(version=11))"
  Unresolved requirement: Import-Package: org.eclipse.cdt.utils.pty; mandatory:="native"
    -> Export-Package: org.eclipse.cdt.utils.pty; bundle-symbolic-name="org.eclipse.cdt.core.native"; bundle-version="6.1.200.202105261421"; version="5.7.0"

	at org.eclipse.osgi.container.Module.start(Module.java:462)
	at org.eclipse.osgi.container.ModuleContainer$ContainerStartLevel$2.run(ModuleContainer.java:1844)
	at org.eclipse.osgi.internal.framework.EquinoxContainerAdaptor$1$1.execute(EquinoxContainerAdaptor.java:136)
	at org.eclipse.osgi.container.ModuleContainer$ContainerStartLevel.incStartLevel(ModuleContainer.java:1837)
	at org.eclipse.osgi.container.ModuleContainer$ContainerStartLevel.incStartLevel(ModuleContainer.java:1778)
	at org.eclipse.osgi.container.ModuleContainer$ContainerStartLevel.doContainerStartLevel(ModuleContainer.java:1742)
	at org.eclipse.osgi.container.ModuleContainer$ContainerStartLevel.dispatchEvent(ModuleContainer.java:1664)
	at org.eclipse.osgi.container.ModuleContainer$ContainerStartLevel.dispatchEvent(ModuleContainer.java:1)
	at org.eclipse.osgi.framework.eventmgr.EventManager.dispatchEvent(EventManager.java:234)
	at org.eclipse.osgi.framework.eventmgr.EventManager$EventThread.run(EventManager.java:345)

!ENTRY org.eclipse.tm.terminal.control 4 0 2021-08-22 10:57:57.899
!MESSAGE FrameworkEvent ERROR
!STACK 0
org.osgi.framework.BundleException: Could not resolve module: org.eclipse.tm.terminal.control [1104]
  Unresolved requirement: Require-Capability: osgi.ee; filter:="(&(osgi.ee=JavaSE)(version=11))"

	at org.eclipse.osgi.container.Module.start(Module.java:462)
	at org.eclipse.osgi.container.ModuleContainer$ContainerStartLevel$2.run(ModuleContainer.java:1844)
	at org.eclipse.osgi.internal.framework.EquinoxContainerAdaptor$1$1.execute(EquinoxContainerAdaptor.java:136)
	at org.eclipse.osgi.container.ModuleContainer$ContainerStartLevel.incStartLevel(ModuleContainer.java:1837)
	at org.eclipse.osgi.container.ModuleContainer$ContainerStartLevel.incStartLevel(ModuleContainer.java:1778)
	at org.eclipse.osgi.container.ModuleContainer$ContainerStartLevel.doContainerStartLevel(ModuleContainer.java:1742)
	at org.eclipse.osgi.container.ModuleContainer$ContainerStartLevel.dispatchEvent(ModuleContainer.java:1664)
	at org.eclipse.osgi.container.ModuleContainer$ContainerStartLevel.dispatchEvent(ModuleContainer.java:1)
	at org.eclipse.osgi.framework.eventmgr.EventManager.dispatchEvent(EventManager.java:234)
	at org.eclipse.osgi.framework.eventmgr.EventManager$EventThread.run(EventManager.java:345)

!ENTRY org.eclipse.tm.terminal.view.core 4 0 2021-08-22 10:57:57.901
!MESSAGE FrameworkEvent ERROR
!STACK 0
org.osgi.framework.BundleException: Could not resolve module: org.eclipse.tm.terminal.view.core [1105]
  Unresolved requirement: Require-Capability: osgi.ee; filter:="(&(osgi.ee=JavaSE)(version=11))"

	at org.eclipse.osgi.container.Module.start(Module.java:462)
	at org.eclipse.osgi.container.ModuleContainer$ContainerStartLevel$2.run(ModuleContainer.java:1844)
	at org.eclipse.osgi.internal.framework.EquinoxContainerAdaptor$1$1.execute(EquinoxContainerAdaptor.java:136)
	at org.eclipse.osgi.container.ModuleContainer$ContainerStartLevel.incStartLevel(ModuleContainer.java:1837)
	at org.eclipse.osgi.container.ModuleContainer$ContainerStartLevel.incStartLevel(ModuleContainer.java:1778)
	at org.eclipse.osgi.container.ModuleContainer$ContainerStartLevel.doContainerStartLevel(ModuleContainer.java:1742)
	at org.eclipse.osgi.container.ModuleContainer$ContainerStartLevel.dispatchEvent(ModuleContainer.java:1664)
	at org.eclipse.osgi.container.ModuleContainer$ContainerStartLevel.dispatchEvent(ModuleContainer.java:1)
	at org.eclipse.osgi.framework.eventmgr.EventManager.dispatchEvent(EventManager.java:234)
	at org.eclipse.osgi.framework.eventmgr.EventManager$EventThread.run(EventManager.java:345)

!ENTRY org.eclipse.tm.terminal.view.ui 4 0 2021-08-22 10:57:57.902
!MESSAGE FrameworkEvent ERROR
!STACK 0
org.osgi.framework.BundleException: Could not resolve module: org.eclipse.tm.terminal.view.ui [1106]
  Unresolved requirement: Require-Bundle: org.eclipse.ui.ide; bundle-version="3.18.0"; resolution:="optional"
  Unresolved requirement: Require-Bundle: org.eclipse.ui.editors; bundle-version="3.14.0"; resolution:="optional"
  Unresolved requirement: Require-Bundle: org.eclipse.text; bundle-version="3.11.0"; resolution:="optional"
  Unresolved requirement: Require-Capability: osgi.ee; filter:="(&(osgi.ee=JavaSE)(version=11))"
  Unresolved requirement: Require-Bundle: org.eclipse.tm.terminal.control; bundle-version="[5.2.0,6.0.0)"
    -> Bundle-SymbolicName: org.eclipse.tm.terminal.control; bundle-version="5.2.0.202105240049"; singleton:="true"
       org.eclipse.tm.terminal.control [1104]
         Unresolved requirement: Require-Capability: osgi.ee; filter:="(&(osgi.ee=JavaSE)(version=11))"
  Unresolved requirement: Require-Bundle: org.eclipse.tm.terminal.view.core; bundle-version="[4.8.0,5.0.0)"
    -> Bundle-SymbolicName: org.eclipse.tm.terminal.view.core; bundle-version="4.8.0.202105200326"; singleton:="true"
       org.eclipse.tm.terminal.view.core [1105]
         Unresolved requirement: Require-Capability: osgi.ee; filter:="(&(osgi.ee=JavaSE)(version=11))"

	at org.eclipse.osgi.container.Module.start(Module.java:462)
	at org.eclipse.osgi.container.ModuleContainer$ContainerStartLevel$2.run(ModuleContainer.java:1844)
	at org.eclipse.osgi.internal.framework.EquinoxContainerAdaptor$1$1.execute(EquinoxContainerAdaptor.java:136)
	at org.eclipse.osgi.container.ModuleContainer$ContainerStartLevel.incStartLevel(ModuleContainer.java:1837)
	at org.eclipse.osgi.container.ModuleContainer$ContainerStartLevel.incStartLevel(ModuleContainer.java:1778)
	at org.eclipse.osgi.container.ModuleContainer$ContainerStartLevel.doContainerStartLevel(ModuleContainer.java:1742)
	at org.eclipse.osgi.container.ModuleContainer$ContainerStartLevel.dispatchEvent(ModuleContainer.java:1664)
	at org.eclipse.osgi.container.ModuleContainer$ContainerStartLevel.dispatchEvent(ModuleContainer.java:1)
	at org.eclipse.osgi.framework.eventmgr.EventManager.dispatchEvent(EventManager.java:234)
	at org.eclipse.osgi.framework.eventmgr.EventManager$EventThread.run(EventManager.java:345)

!ENTRY org.eclipse.wst.wsdl.validation 4 0 2021-08-22 10:57:57.903
!MESSAGE FrameworkEvent ERROR
!STACK 0
org.osgi.framework.BundleException: Could not resolve module: org.eclipse.wst.wsdl.validation [1127]
  Unresolved requirement: Require-Capability: osgi.ee; filter:="(&(osgi.ee=JavaSE)(version=11))"

	at org.eclipse.osgi.container.Module.start(Module.java:462)
	at org.eclipse.osgi.container.ModuleContainer$ContainerStartLevel$2.run(ModuleContainer.java:1844)
	at org.eclipse.osgi.internal.framework.EquinoxContainerAdaptor$1$1.execute(EquinoxContainerAdaptor.java:136)
	at org.eclipse.osgi.container.ModuleContainer$ContainerStartLevel.incStartLevel(ModuleContainer.java:1837)
	at org.eclipse.osgi.container.ModuleContainer$ContainerStartLevel.incStartLevel(ModuleContainer.java:1778)
	at org.eclipse.osgi.container.ModuleContainer$ContainerStartLevel.doContainerStartLevel(ModuleContainer.java:1742)
	at org.eclipse.osgi.container.ModuleContainer$ContainerStartLevel.dispatchEvent(ModuleContainer.java:1664)
	at org.eclipse.osgi.container.ModuleContainer$ContainerStartLevel.dispatchEvent(ModuleContainer.java:1)
	at org.eclipse.osgi.framework.eventmgr.EventManager.dispatchEvent(EventManager.java:234)
	at org.eclipse.osgi.framework.eventmgr.EventManager$EventThread.run(EventManager.java:345)

!ENTRY org.eclipse.wst.wsi 4 0 2021-08-22 10:57:57.915
!MESSAGE FrameworkEvent ERROR
!STACK 0
org.osgi.framework.BundleException: Could not resolve module: org.eclipse.wst.wsi [1128]
  Unresolved requirement: Import-Package: org.apache.http.impl.conn
    -> Export-Package: org.apache.http.impl.conn; bundle-symbolic-name="org.apache.httpcomponents.httpclient"; bundle-version="4.5.10.v20200114-1512"; version="4.5.10"; uses:="javax.net.ssl,org.apache.commons.logging,org.apache.http,org.apache.http.config,org.apache.http.conn,org.apache.http.conn.routing,org.apache.http.conn.scheme,org.apache.http.conn.socket,org.apache.http.entity,org.apache.http.impl,org.apache.http.impl.io,org.apache.http.io,org.apache.http.message,org.apache.http.params,org.apache.http.pool,org.apache.http.protocol,org.apache.http.util"
       org.apache.httpcomponents.httpclient [59]
         Unresolved requirement: Import-Package: org.apache.commons.codec.binary; version="[1.13.0,1.14.0)"
  Unresolved requirement: Require-Bundle: org.eclipse.wst.wsdl.validation; bundle-version="[1.1.0,2.0.0)"
    -> Bundle-SymbolicName: org.eclipse.wst.wsdl.validation; bundle-version="1.3.0.v202101270311"; singleton:="true"
       org.eclipse.wst.wsdl.validation [1127]
         Unresolved requirement: Require-Capability: osgi.ee; filter:="(&(osgi.ee=JavaSE)(version=11))"

	at org.eclipse.osgi.container.Module.start(Module.java:462)
	at org.eclipse.osgi.container.ModuleContainer$ContainerStartLevel$2.run(ModuleContainer.java:1844)
	at org.eclipse.osgi.internal.framework.EquinoxContainerAdaptor$1$1.execute(EquinoxContainerAdaptor.java:136)
	at org.eclipse.osgi.container.ModuleContainer$ContainerStartLevel.incStartLevel(ModuleContainer.java:1837)
	at org.eclipse.osgi.container.ModuleContainer$ContainerStartLevel.incStartLevel(ModuleContainer.java:1778)
	at org.eclipse.osgi.container.ModuleContainer$ContainerStartLevel.doContainerStartLevel(ModuleContainer.java:1742)
	at org.eclipse.osgi.container.ModuleContainer$ContainerStartLevel.dispatchEvent(ModuleContainer.java:1664)
	at org.eclipse.osgi.container.ModuleContainer$ContainerStartLevel.dispatchEvent(ModuleContainer.java:1)
	at org.eclipse.osgi.framework.eventmgr.EventManager.dispatchEvent(EventManager.java:234)
	at org.eclipse.osgi.framework.eventmgr.EventManager$EventThread.run(EventManager.java:345)
